# JRE version: OpenJDK Runtime Environment Temurin-21.0.6+7 (21.0.6+7) (build 21.0.6+7-LTS)
# Java VM: OpenJDK 64-Bit Server VM Temurin-21.0.6+7 (21.0.6+7-LTS, mixed mode, sharing, tiered, compressed oops, compressed class ptrs, g1 gc, windows-amd64)
GC Precious Log:
 CardTable entry size: 512
 Card Set container configuration: InlinePtr #cards 5 size 8 Array Of Cards #cards 12 size 40 Howl #buckets 4 coarsen threshold 1843 Howl Bitmap #cards 512 size 80 coarsen threshold 460 Card regions per heap region 1 cards per card region 2048
 CPUs: 8 total, 8 available
 Memory: 7959M
 Large Page Support: Disabled
 NUMA Support: Disabled
 Compressed Oops: Enabled (32-bit)
 Heap Region Size: 1M
 Heap Min Capacity: 8M
 Heap Initial Capacity: 126M
 Heap Max Capacity: 1990M
 Pre-touch: Disabled
 Parallel Workers: 8
 Concurrent Workers: 2
 Concurrent Refinement Workers: 8
 Periodic GC: Disabled
Heap:
 garbage-first heap   total 150528K, used 61773K [0x0000000083a00000, 0x0000000100000000)
  region size 1024K, 2 young (2048K), 2 survivors (2048K)
 Metaspace       used 82499K, committed 83392K, reserved 1179648K
  class space    used 10568K, committed 10944K, reserved 1048576K
GC Heap History (20 events):
Event: 109.940 GC heap after
{Heap after GC invocations=29 (full 1):
 garbage-first heap   total 112640K, used 36210K [0x0000000083a00000, 0x0000000100000000)
  region size 1024K, 5 young (5120K), 5 survivors (5120K)
 Metaspace       used 80704K, committed 81600K, reserved 1179648K
  class space    used 10495K, committed 10880K, reserved 1048576K
}
Event: 110.212 GC heap before
{Heap before GC invocations=30 (full 1):
 garbage-first heap   total 112640K, used 94578K [0x0000000083a00000, 0x0000000100000000)
  region size 1024K, 60 young (61440K), 5 survivors (5120K)
 Metaspace       used 81004K, committed 81856K, reserved 1179648K
  class space    used 10500K, committed 10880K, reserved 1048576K
}
Event: 110.221 GC heap after
{Heap after GC invocations=31 (full 1):
 garbage-first heap   total 113664K, used 47506K [0x0000000083a00000, 0x0000000100000000)
  region size 1024K, 8 young (8192K), 8 survivors (8192K)
 Metaspace       used 81004K, committed 81856K, reserved 1179648K
  class space    used 10500K, committed 10880K, reserved 1048576K
}
Event: 110.325 GC heap before
{Heap before GC invocations=31 (full 1):
 garbage-first heap   total 113664K, used 94610K [0x0000000083a00000, 0x0000000100000000)
  region size 1024K, 52 young (53248K), 8 survivors (8192K)
 Metaspace       used 81038K, committed 81856K, reserved 1179648K
  class space    used 10501K, committed 10880K, reserved 1048576K
}
Event: 110.336 GC heap after
{Heap after GC invocations=32 (full 1):
 garbage-first heap   total 117760K, used 59156K [0x0000000083a00000, 0x0000000100000000)
  region size 1024K, 7 young (7168K), 7 survivors (7168K)
 Metaspace       used 81038K, committed 81856K, reserved 1179648K
  class space    used 10501K, committed 10880K, reserved 1048576K
}
Event: 110.364 GC heap before
{Heap before GC invocations=32 (full 1):
 garbage-first heap   total 117760K, used 63252K [0x0000000083a00000, 0x0000000100000000)
  region size 1024K, 12 young (12288K), 7 survivors (7168K)
 Metaspace       used 81054K, committed 81856K, reserved 1179648K
  class space    used 10501K, committed 10880K, reserved 1048576K
}
Event: 110.369 GC heap after
{Heap after GC invocations=33 (full 1):
 garbage-first heap   total 174080K, used 61549K [0x0000000083a00000, 0x0000000100000000)
  region size 1024K, 2 young (2048K), 2 survivors (2048K)
 Metaspace       used 81054K, committed 81856K, reserved 1179648K
  class space    used 10501K, committed 10880K, reserved 1048576K
}
Event: 110.373 GC heap before
{Heap before GC invocations=33 (full 1):
 garbage-first heap   total 174080K, used 63597K [0x0000000083a00000, 0x0000000100000000)
  region size 1024K, 4 young (4096K), 2 survivors (2048K)
 Metaspace       used 81054K, committed 81856K, reserved 1179648K
  class space    used 10501K, committed 10880K, reserved 1048576K
}
Event: 110.374 GC heap after
{Heap after GC invocations=34 (full 1):
 garbage-first heap   total 174080K, used 62150K [0x0000000083a00000, 0x0000000100000000)
  region size 1024K, 1 young (1024K), 1 survivors (1024K)
 Metaspace       used 81054K, committed 81856K, reserved 1179648K
  class space    used 10501K, committed 10880K, reserved 1048576K
}
Event: 110.555 GC heap before
{Heap before GC invocations=35 (full 1):
 garbage-first heap   total 174080K, used 129474K [0x0000000083a00000, 0x0000000100000000)
  region size 1024K, 74 young (75776K), 1 survivors (1024K)
 Metaspace       used 81094K, committed 81920K, reserved 1179648K
  class space    used 10501K, committed 10880K, reserved 1048576K
}
Event: 110.559 GC heap after
{Heap after GC invocations=36 (full 1):
 garbage-first heap   total 174080K, used 58741K [0x0000000083a00000, 0x0000000100000000)
  region size 1024K, 8 young (8192K), 8 survivors (8192K)
 Metaspace       used 81094K, committed 81920K, reserved 1179648K
  class space    used 10501K, committed 10880K, reserved 1048576K
}
Event: 569.276 GC heap before
{Heap before GC invocations=36 (full 1):
 garbage-first heap   total 174080K, used 96629K [0x0000000083a00000, 0x0000000100000000)
  region size 1024K, 46 young (47104K), 8 survivors (8192K)
 Metaspace       used 81816K, committed 82688K, reserved 1179648K
  class space    used 10541K, committed 10944K, reserved 1048576K
}
Event: 569.338 GC heap after
{Heap after GC invocations=37 (full 2):
 garbage-first heap   total 119808K, used 32161K [0x0000000083a00000, 0x0000000100000000)
  region size 1024K, 0 young (0K), 0 survivors (0K)
 Metaspace       used 81816K, committed 82688K, reserved 1179648K
  class space    used 10541K, committed 10944K, reserved 1048576K
}
Event: 570.109 GC heap before
{Heap before GC invocations=37 (full 2):
 garbage-first heap   total 119808K, used 89505K [0x0000000083a00000, 0x0000000100000000)
  region size 1024K, 57 young (58368K), 0 survivors (0K)
 Metaspace       used 82221K, committed 83072K, reserved 1179648K
  class space    used 10559K, committed 10944K, reserved 1048576K
}
Event: 570.113 GC heap after
{Heap after GC invocations=38 (full 2):
 garbage-first heap   total 119808K, used 36699K [0x0000000083a00000, 0x0000000100000000)
  region size 1024K, 5 young (5120K), 5 survivors (5120K)
 Metaspace       used 82221K, committed 83072K, reserved 1179648K
  class space    used 10559K, committed 10944K, reserved 1048576K
}
Event: 570.351 GC heap before
{Heap before GC invocations=39 (full 2):
 garbage-first heap   total 119808K, used 94043K [0x0000000083a00000, 0x0000000100000000)
  region size 1024K, 60 young (61440K), 5 survivors (5120K)
 Metaspace       used 82474K, committed 83392K, reserved 1179648K
  class space    used 10568K, committed 10944K, reserved 1048576K
}
Event: 570.361 GC heap after
{Heap after GC invocations=40 (full 2):
 garbage-first heap   total 119808K, used 47335K [0x0000000083a00000, 0x0000000100000000)
  region size 1024K, 8 young (8192K), 8 survivors (8192K)
 Metaspace       used 82474K, committed 83392K, reserved 1179648K
  class space    used 10568K, committed 10944K, reserved 1048576K
}
Event: 570.455 GC heap before
{Heap before GC invocations=40 (full 2):
 garbage-first heap   total 119808K, used 95463K [0x0000000083a00000, 0x0000000100000000)
  region size 1024K, 53 young (54272K), 8 survivors (8192K)
 Metaspace       used 82494K, committed 83392K, reserved 1179648K
  class space    used 10568K, committed 10944K, reserved 1048576K
}
Event: 570.465 GC heap after
{Heap after GC invocations=41 (full 2):
 garbage-first heap   total 119808K, used 59754K [0x0000000083a00000, 0x0000000100000000)
  region size 1024K, 7 young (7168K), 7 survivors (7168K)
 Metaspace       used 82494K, committed 83392K, reserved 1179648K
  class space    used 10568K, committed 10944K, reserved 1048576K
}
Event: 570.493 GC heap before
{Heap before GC invocations=41 (full 2):
 garbage-first heap   total 119808K, used 63850K [0x0000000083a00000, 0x0000000100000000)
  region size 1024K, 12 young (12288K), 7 survivors (7168K)
 Metaspace       used 82499K, committed 83392K, reserved 1179648K
  class space    used 10568K, committed 10944K, reserved 1048576K
}

